0 info it worked if it ends with ok
1 verbose cli [ '/usr/local/bin/node',
1 verbose cli   '/usr/local/bin/npm',
1 verbose cli   'install',
1 verbose cli   'gulp-lint',
1 verbose cli   '--save' ]
2 info using npm@2.14.7
3 info using node@v4.2.1
4 verbose install initial load of /Users/kendrick/Desktop/personal/sites/portfolio/package.json
5 warn package.json portfolio@1.0.0 No README data
6 verbose installManyTop reading scoped package data from /Users/kendrick/Desktop/personal/sites/portfolio/node_modules/gulp/package.json
7 verbose installManyTop reading scoped package data from /Users/kendrick/Desktop/personal/sites/portfolio/node_modules/gulp-babel/package.json
8 verbose installManyTop reading scoped package data from /Users/kendrick/Desktop/personal/sites/portfolio/node_modules/gulp-load-plugins/package.json
9 verbose installManyTop reading scoped package data from /Users/kendrick/Desktop/personal/sites/portfolio/node_modules/gulp-sass/package.json
10 verbose installManyTop reading scoped package data from /Users/kendrick/Desktop/personal/sites/portfolio/node_modules/gulp-webserver/package.json
11 verbose readDependencies loading dependencies from /Users/kendrick/Desktop/personal/sites/portfolio/package.json
12 silly cache add args [ 'gulp-lint', null ]
13 verbose cache add spec gulp-lint
14 silly cache add parsed spec Result {
14 silly cache add   raw: 'gulp-lint',
14 silly cache add   scope: null,
14 silly cache add   name: 'gulp-lint',
14 silly cache add   rawSpec: '',
14 silly cache add   spec: '*',
14 silly cache add   type: 'range' }
15 silly addNamed gulp-lint@*
16 verbose addNamed "*" is a valid semver range for gulp-lint
17 silly addNameRange { name: 'gulp-lint', range: '*', hasData: false }
18 silly mapToRegistry name gulp-lint
19 silly mapToRegistry using default registry
20 silly mapToRegistry registry https://registry.npmjs.org/
21 silly mapToRegistry uri https://registry.npmjs.org/gulp-lint
22 verbose addNameRange registry:https://registry.npmjs.org/gulp-lint not in flight; fetching
23 verbose request uri https://registry.npmjs.org/gulp-lint
24 verbose request no auth needed
25 info attempt registry request try #1 at 8:35:10 AM
26 verbose request using bearer token for auth
27 verbose request id 56105f539b8245f2
28 http request GET https://registry.npmjs.org/gulp-lint
29 http 404 https://registry.npmjs.org/gulp-lint
30 verbose headers { 'content-type': 'application/json',
30 verbose headers   'cache-control': 'max-age=0',
30 verbose headers   'content-length': '2',
30 verbose headers   'accept-ranges': 'bytes',
30 verbose headers   date: 'Tue, 08 Dec 2015 16:35:09 GMT',
30 verbose headers   via: '1.1 varnish',
30 verbose headers   connection: 'keep-alive',
30 verbose headers   'x-served-by': 'cache-lax1428-LAX',
30 verbose headers   'x-cache': 'MISS',
30 verbose headers   'x-cache-hits': '0',
30 verbose headers   'x-timer': 'S1449592509.588497,VS0,VE49' }
31 silly get cb [ 404,
31 silly get   { 'content-type': 'application/json',
31 silly get     'cache-control': 'max-age=0',
31 silly get     'content-length': '2',
31 silly get     'accept-ranges': 'bytes',
31 silly get     date: 'Tue, 08 Dec 2015 16:35:09 GMT',
31 silly get     via: '1.1 varnish',
31 silly get     connection: 'keep-alive',
31 silly get     'x-served-by': 'cache-lax1428-LAX',
31 silly get     'x-cache': 'MISS',
31 silly get     'x-cache-hits': '0',
31 silly get     'x-timer': 'S1449592509.588497,VS0,VE49' } ]
32 verbose stack Error: Registry returned 404 for GET on https://registry.npmjs.org/gulp-lint
32 verbose stack     at makeError (/usr/local/lib/node_modules/npm/node_modules/npm-registry-client/lib/request.js:264:12)
32 verbose stack     at CachingRegistryClient.<anonymous> (/usr/local/lib/node_modules/npm/node_modules/npm-registry-client/lib/request.js:242:14)
32 verbose stack     at Request._callback (/usr/local/lib/node_modules/npm/node_modules/npm-registry-client/lib/request.js:172:14)
32 verbose stack     at Request.self.callback (/usr/local/lib/node_modules/npm/node_modules/request/request.js:198:22)
32 verbose stack     at emitTwo (events.js:87:13)
32 verbose stack     at Request.emit (events.js:172:7)
32 verbose stack     at Request.<anonymous> (/usr/local/lib/node_modules/npm/node_modules/request/request.js:1063:14)
32 verbose stack     at emitOne (events.js:82:20)
32 verbose stack     at Request.emit (events.js:169:7)
32 verbose stack     at IncomingMessage.<anonymous> (/usr/local/lib/node_modules/npm/node_modules/request/request.js:1009:12)
33 verbose statusCode 404
34 verbose pkgid gulp-lint
35 verbose cwd /Users/kendrick/Desktop/personal/sites/portfolio
36 error Darwin 15.0.0
37 error argv "/usr/local/bin/node" "/usr/local/bin/npm" "install" "gulp-lint" "--save"
38 error node v4.2.1
39 error npm  v2.14.7
40 error code E404
41 error 404 Registry returned 404 for GET on https://registry.npmjs.org/gulp-lint
41 error 404
41 error 404 'gulp-lint' is not in the npm registry.
41 error 404 You should bug the author to publish it (or use the name yourself!)
41 error 404 It was specified as a dependency of 'portfolio'
41 error 404
41 error 404 Note that you can also install from a
41 error 404 tarball, folder, http url, or git url.
42 verbose exit [ 1, true ]
